cl : Línea de comandos warning D9035: La opción 'Gm' está desusada y se quitará en próximas versiones
  pa_x86_plain_converters.c
  pa_win_wdmks_utils.c
  pa_win_waveformat.c
  pa_win_util.c
  pa_win_hostapis.c
  pa_win_coinitialize.c
  pa_win_wmme.c
  pa_win_wdmks.c
  pa_win_wasapi.c
  pa_hostapi_skeleton.c
  pa_win_ds_dynlink.c
  pa_win_ds.c
  pa_trace.c
  pa_stream.c
  pa_ringbuffer.c
  pa_process.c
  pa_front.c
  pa_dither.c
  pa_debugprint.c
  pa_cpuload.c
  Generando código...
  Compilando...
  pa_converters.c
  pa_allocation.c
  Generando código...
cl : Línea de comandos warning D9035: La opción 'Gm' está desusada y se quitará en próximas versiones
  pa_asio.cpp
  asiolist.cpp
  asiodrivers.cpp
  asio.cpp
  Generando código...
C:\Program Files (x86)\Microsoft Visual Studio\2017\Community\Common7\IDE\VC\VCTargets\Microsoft.CppBuild.targets(1216,5): warning MSB8012: TargetPath(C:\Users\Gonzupi\source\repos\third_party_libraries\portaudio\build\msvc\Win32\Debug\portaudio.dll) no coincide con el valor de la propiedad OutputFile de Linker (C:\Users\Gonzupi\source\repos\third_party_libraries\portaudio\build\msvc\Win32\Debug\portaudio_x86.dll). Esto puede hacer que el proyecto no se compile correctamente. Para solucionar este problema, asegúrese de que los valores de propiedad $(OutDir), $(TargetName) y $(TargetExt) coinciden con el valor especificado en %(Link.OutputFile).
C:\Program Files (x86)\Microsoft Visual Studio\2017\Community\Common7\IDE\VC\VCTargets\Microsoft.CppBuild.targets(1218,5): warning MSB8012: TargetName(portaudio) no coincide con el valor de la propiedad OutputFile de Linker (portaudio_x86). Esto puede hacer que el proyecto no se compile correctamente. Para solucionar este problema, asegúrese de que los valores de propiedad $(OutDir), $(TargetName) y $(TargetExt) coinciden con el valor especificado en %(Link.OutputFile).
pa_allocation.obj : warning LNK4075: se omite '/EDITANDCONTINUE' debido a la especificación '/SAFESEH'
     Creando biblioteca Win32\Debug\portaudio_x86.lib y objeto Win32\Debug\portaudio_x86.exp
  portaudio.vcxproj -> C:\Users\Gonzupi\source\repos\third_party_libraries\portaudio\build\msvc\Win32\Debug\portaudio.dll
