cl : línea de comandos warning D9035: La opción 'Gm' está desusada y se quitará en próximas versiones
  wintimer.cpp
  asiosmpl.cpp
C:\Users\Gonzupi\Desktop\asiosdk_2.3.3_2019-06-14\driver\asiosample\asiosmpl.cpp(87,3): warning C4996: 'sprintf': This function or variable may be unsafe. Consider using sprintf_s instead. To disable deprecation, use _CRT_SECURE_NO_WARNINGS. See online help for details.
C:\Users\Gonzupi\Desktop\asiosdk_2.3.3_2019-06-14\driver\asiosample\asiosmpl.cpp(107,3): warning C4996: 'sprintf': This function or variable may be unsafe. Consider using sprintf_s instead. To disable deprecation, use _CRT_SECURE_NO_WARNINGS. See online help for details.
C:\Users\Gonzupi\Desktop\asiosdk_2.3.3_2019-06-14\driver\asiosample\asiosmpl.cpp(173,2): warning C4996: 'strcpy': This function or variable may be unsafe. Consider using strcpy_s instead. To disable deprecation, use _CRT_SECURE_NO_WARNINGS. See online help for details.
C:\Users\Gonzupi\Desktop\asiosdk_2.3.3_2019-06-14\driver\asiosample\asiosmpl.cpp(185,2): warning C4996: 'strcpy': This function or variable may be unsafe. Consider using strcpy_s instead. To disable deprecation, use _CRT_SECURE_NO_WARNINGS. See online help for details.
C:\Users\Gonzupi\Desktop\asiosdk_2.3.3_2019-06-14\driver\asiosample\asiosmpl.cpp(194,2): warning C4996: 'strcpy': This function or variable may be unsafe. Consider using strcpy_s instead. To disable deprecation, use _CRT_SECURE_NO_WARNINGS. See online help for details.
C:\Users\Gonzupi\Desktop\asiosdk_2.3.3_2019-06-14\driver\asiosample\asiosmpl.cpp(301,2): warning C4996: 'strcpy': This function or variable may be unsafe. Consider using strcpy_s instead. To disable deprecation, use _CRT_SECURE_NO_WARNINGS. See online help for details.
C:\Users\Gonzupi\Desktop\asiosdk_2.3.3_2019-06-14\driver\asiosample\asiosmpl.cpp(370,2): warning C4996: 'strcpy': This function or variable may be unsafe. Consider using strcpy_s instead. To disable deprecation, use _CRT_SECURE_NO_WARNINGS. See online help for details.
C:\Users\Gonzupi\Desktop\asiosdk_2.3.3_2019-06-14\driver\asiosample\asiosmpl.cpp(514,3): warning C4996: 'strcpy': This function or variable may be unsafe. Consider using strcpy_s instead. To disable deprecation, use _CRT_SECURE_NO_WARNINGS. See online help for details.
C:\Users\Gonzupi\Desktop\asiosdk_2.3.3_2019-06-14\driver\asiosample\asiosmpl.cpp(522,3): warning C4996: 'strcpy': This function or variable may be unsafe. Consider using strcpy_s instead. To disable deprecation, use _CRT_SECURE_NO_WARNINGS. See online help for details.
C:\Users\Gonzupi\Desktop\asiosdk_2.3.3_2019-06-14\driver\asiosample\asiosmpl.cpp(639,78): warning C4244: '=': conversión de 'double' a 'unsigned long'; posible pérdida de datos
  register.cpp
C:\Users\Gonzupi\Desktop\asiosdk_2.3.3_2019-06-14\common\register.cpp(67,2): warning C4996: 'sprintf': This function or variable may be unsafe. Consider using sprintf_s instead. To disable deprecation, use _CRT_SECURE_NO_WARNINGS. See online help for details.
C:\Users\Gonzupi\Desktop\asiosdk_2.3.3_2019-06-14\common\register.cpp(70,3): warning C4996: 'sprintf': This function or variable may be unsafe. Consider using sprintf_s instead. To disable deprecation, use _CRT_SECURE_NO_WARNINGS. See online help for details.
C:\Users\Gonzupi\Desktop\asiosdk_2.3.3_2019-06-14\common\register.cpp(76,4): warning C4996: 'sprintf': This function or variable may be unsafe. Consider using sprintf_s instead. To disable deprecation, use _CRT_SECURE_NO_WARNINGS. See online help for details.
C:\Users\Gonzupi\Desktop\asiosdk_2.3.3_2019-06-14\common\register.cpp(85,3): warning C4996: 'sprintf': This function or variable may be unsafe. Consider using sprintf_s instead. To disable deprecation, use _CRT_SECURE_NO_WARNINGS. See online help for details.
C:\Users\Gonzupi\Desktop\asiosdk_2.3.3_2019-06-14\common\register.cpp(88,3): warning C4996: 'sprintf': This function or variable may be unsafe. Consider using sprintf_s instead. To disable deprecation, use _CRT_SECURE_NO_WARNINGS. See online help for details.
C:\Users\Gonzupi\Desktop\asiosdk_2.3.3_2019-06-14\common\register.cpp(91,3): warning C4996: 'sprintf': This function or variable may be unsafe. Consider using sprintf_s instead. To disable deprecation, use _CRT_SECURE_NO_WARNINGS. See online help for details.
C:\Users\Gonzupi\Desktop\asiosdk_2.3.3_2019-06-14\common\register.cpp(94,3): warning C4996: 'sprintf': This function or variable may be unsafe. Consider using sprintf_s instead. To disable deprecation, use _CRT_SECURE_NO_WARNINGS. See online help for details.
C:\Users\Gonzupi\Desktop\asiosdk_2.3.3_2019-06-14\common\register.cpp(101,2): warning C4996: 'sprintf': This function or variable may be unsafe. Consider using sprintf_s instead. To disable deprecation, use _CRT_SECURE_NO_WARNINGS. See online help for details.
C:\Users\Gonzupi\Desktop\asiosdk_2.3.3_2019-06-14\common\register.cpp(104,3): warning C4996: 'sprintf': This function or variable may be unsafe. Consider using sprintf_s instead. To disable deprecation, use _CRT_SECURE_NO_WARNINGS. See online help for details.
C:\Users\Gonzupi\Desktop\asiosdk_2.3.3_2019-06-14\common\register.cpp(107,4): warning C4996: 'sprintf': This function or variable may be unsafe. Consider using sprintf_s instead. To disable deprecation, use _CRT_SECURE_NO_WARNINGS. See online help for details.
C:\Users\Gonzupi\Desktop\asiosdk_2.3.3_2019-06-14\common\register.cpp(113,3): warning C4996: 'sprintf': This function or variable may be unsafe. Consider using sprintf_s instead. To disable deprecation, use _CRT_SECURE_NO_WARNINGS. See online help for details.
C:\Users\Gonzupi\Desktop\asiosdk_2.3.3_2019-06-14\common\register.cpp(118,2): warning C4996: 'sprintf': This function or variable may be unsafe. Consider using sprintf_s instead. To disable deprecation, use _CRT_SECURE_NO_WARNINGS. See online help for details.
C:\Users\Gonzupi\Desktop\asiosdk_2.3.3_2019-06-14\common\register.cpp(123,2): warning C4996: 'sprintf': This function or variable may be unsafe. Consider using sprintf_s instead. To disable deprecation, use _CRT_SECURE_NO_WARNINGS. See online help for details.
C:\Users\Gonzupi\Desktop\asiosdk_2.3.3_2019-06-14\common\register.cpp(154,2): warning C4996: 'sprintf': This function or variable may be unsafe. Consider using sprintf_s instead. To disable deprecation, use _CRT_SECURE_NO_WARNINGS. See online help for details.
C:\Users\Gonzupi\Desktop\asiosdk_2.3.3_2019-06-14\common\register.cpp(158,3): warning C4996: 'sprintf': This function or variable may be unsafe. Consider using sprintf_s instead. To disable deprecation, use _CRT_SECURE_NO_WARNINGS. See online help for details.
C:\Users\Gonzupi\Desktop\asiosdk_2.3.3_2019-06-14\common\register.cpp(164,2): warning C4996: 'sprintf': This function or variable may be unsafe. Consider using sprintf_s instead. To disable deprecation, use _CRT_SECURE_NO_WARNINGS. See online help for details.
C:\Users\Gonzupi\Desktop\asiosdk_2.3.3_2019-06-14\common\register.cpp(167,3): warning C4996: 'sprintf': This function or variable may be unsafe. Consider using sprintf_s instead. To disable deprecation, use _CRT_SECURE_NO_WARNINGS. See online help for details.
C:\Users\Gonzupi\Desktop\asiosdk_2.3.3_2019-06-14\common\register.cpp(170,4): warning C4996: 'sprintf': This function or variable may be unsafe. Consider using sprintf_s instead. To disable deprecation, use _CRT_SECURE_NO_WARNINGS. See online help for details.
C:\Users\Gonzupi\Desktop\asiosdk_2.3.3_2019-06-14\common\register.cpp(204,2): warning C4996: 'sprintf': This function or variable may be unsafe. Consider using sprintf_s instead. To disable deprecation, use _CRT_SECURE_NO_WARNINGS. See online help for details.
C:\Users\Gonzupi\Desktop\asiosdk_2.3.3_2019-06-14\common\register.cpp(272,3): warning C4996: 'strcpy': This function or variable may be unsafe. Consider using strcpy_s instead. To disable deprecation, use _CRT_SECURE_NO_WARNINGS. See online help for details.
C:\Users\Gonzupi\Desktop\asiosdk_2.3.3_2019-06-14\common\register.cpp(308,3): warning C4996: 'strcpy': This function or variable may be unsafe. Consider using strcpy_s instead. To disable deprecation, use _CRT_SECURE_NO_WARNINGS. See online help for details.
  dllentry.cpp
C:\Users\Gonzupi\Desktop\asiosdk_2.3.3_2019-06-14\common\dllentry.cpp(272,17): warning C4996: 'GetVersionExA': se declaró desusado
  combase.cpp
  Generando código...
..\asiosample.def(2): warning LNK4017: no se admite la instrucción DESCRIPTION para la plataforma de destino; se ha omitido
..\asiosample.def(3): warning LNK4017: no se admite la instrucción PROTMODE para la plataforma de destino; se ha omitido
..\asiosample.def : warning LNK4104: la exportación del símbolo 'DllGetClassObject' debería ser PRIVATE
..\asiosample.def : warning LNK4104: la exportación del símbolo 'DllCanUnloadNow' debería ser PRIVATE
..\asiosample.def : warning LNK4104: la exportación del símbolo 'DllRegisterServer' debería ser PRIVATE
..\asiosample.def : warning LNK4104: la exportación del símbolo 'DllUnregisterServer' debería ser PRIVATE
     Creando biblioteca .\Debug\asiosample.lib y objeto .\Debug\asiosample.exp
  asiosample.vcxproj -> C:\Users\Gonzupi\Desktop\asiosdk_2.3.3_2019-06-14\driver\asiosample\asiosample\.\Debug\asiosample.dll
